0 info it worked if it ends with ok
1 verbose cli [ 'D:\\Program Files\\nodejs\\node.exe',
1 verbose cli   'C:\\Users\\Administrator.PC-201701051950\\AppData\\Roaming\\npm\\node_modules\\npm\\bin\\npm-cli.js',
1 verbose cli   'run',
1 verbose cli   'css' ]
2 info using npm@4.0.5
3 info using node@v6.9.4
4 verbose run-script [ 'precss', 'css', 'postcss' ]
5 info lifecycle resume@1.0.0~precss: resume@1.0.0
6 silly lifecycle resume@1.0.0~precss: no script for precss, continuing
7 info lifecycle resume@1.0.0~css: resume@1.0.0
8 verbose lifecycle resume@1.0.0~css: unsafe-perm in lifecycle true
9 verbose lifecycle resume@1.0.0~css: PATH: C:\Users\Administrator.PC-201701051950\AppData\Roaming\npm\node_modules\npm\bin\node-gyp-bin;E:\Resume\node_modules\.bin;C:\Windows\system32;C:\Windows;C:\Windows\System32\Wbem;C:\Windows\System32\WindowsPowerShell\v1.0\;d:\Program Files\Git\cmd;D:\Program Files\nodejs;;d:\Program Files (x86)\Microsoft VS Code\bin;C:\Users\Administrator.PC-201701051950\AppData\Roaming\npm
10 verbose lifecycle resume@1.0.0~css: CWD: E:\Resume
11 silly lifecycle resume@1.0.0~css: Args: [ '/d /s /c', 'node node_modules\\grunt\\bin\\grunt' ]
12 verbose stack Error: kill ENOSYS
12 verbose stack     at exports._errnoException (util.js:1022:11)
12 verbose stack     at process.kill (internal/process.js:172:13)
12 verbose stack     at process.listener (C:\Users\Administrator.PC-201701051950\AppData\Roaming\npm\node_modules\npm\node_modules\npmlog\node_modules\gauge\node_modules\signal-exit\index.js:86:15)
12 verbose stack     at emitNone (events.js:91:20)
12 verbose stack     at process.emit (events.js:185:7)
12 verbose stack     at processEmit (C:\Users\Administrator.PC-201701051950\AppData\Roaming\npm\node_modules\npm\node_modules\npmlog\node_modules\gauge\node_modules\signal-exit\index.js:146:32)
12 verbose stack     at processEmit (C:\Users\Administrator.PC-201701051950\AppData\Roaming\npm\node_modules\npm\node_modules\npm-registry-client\node_modules\npmlog\node_modules\gauge\node_modules\signal-exit\index.js:146:32)
12 verbose stack     at Signal.wrap.onsignal (internal/process.js:199:44)
13 verbose cwd E:\Resume
14 error Windows_NT 6.1.7601
15 error argv "D:\\Program Files\\nodejs\\node.exe" "C:\\Users\\Administrator.PC-201701051950\\AppData\\Roaming\\npm\\node_modules\\npm\\bin\\npm-cli.js" "run" "css"
16 error node v6.9.4
17 error npm  v4.0.5
18 error code ENOSYS
19 error errno ENOSYS
20 error syscall kill
21 error kill ENOSYS
22 error If you need help, you may report this error at:
22 error     <https://github.com/npm/npm/issues>
23 verbose exit [ 1, true ]
